[LOG] System::create                           : Header version = 2.00.06. Current version = 2.00.06.
[LOG] Manager::init                            : maxchannels = 256 studioflags = 00000006 flags 00000000 extradriverdata 0000000000000000.
[LOG] SystemI::init                            : Initialize version=20006 (106220), maxchannels=256, flags=0x00020000
[LOG] SystemI::setOutputInternal               : Setting output to 'FMOD WASAPI Output'
[LOG] OutputWASAPI::init                       : Mix Format (WAVEFORMATEX): wFormatTag=0xFFFE, nChannels=2, nSamplesPerSec=48000, nAvgBytesPerSec=384000, nBlockAlign=8, wBitsPerSample=32, cbSize=22.
[LOG] OutputWASAPI::init                       : Mix Format (WAVEFORMATEXTENSIBLE): wValidBitsPerSample=32, dwChannelMask=0x00000003, SubFormat=00000003-0000-0010-8000-00AA00389B71.
[LOG] OutputWASAPI::init                       : Output buffer size: 4096 samples, latency: 0.00ms, period: 10.00ms, DSP buffer: 1024 * 4
[LOG] Thread::initThread                       : Init FMOD stream thread. Priority: 2, Stack Size: 98304, Semaphore: No, Sleep Time: 10, Looping: Yes.
[LOG] Thread::initThread                       : Init FMOD mixer thread. Priority: 3, Stack Size: 81920, Semaphore: No, Sleep Time: 0, Looping: Yes.
[LOG] AsyncManager::init                       : manager 0000015D7CC26C18 isAsync 0 updatePeriod 0.02
[LOG] AsyncManager::init                       : done
[LOG] PlaybackSystem::init                     : 
[LOG] Thread::initThread                       : Init FMOD Studio sample load thread. Priority: 0, Stack Size: 98304, Semaphore: No, Sleep Time: 1, Looping: No.
[LOG] PlaybackSystem::init                     : done
[LOG] Thread::initThread                       : Init FMOD Studio bank load thread. Priority: 0, Stack Size: 98304, Semaphore: No, Sleep Time: 1, Looping: No.
[LOG] Manager::init                            : done.
[LOG] Manager::readBank                        : fileversion = 119, compatVersion = 119 (oldest = 44, newest = 123)
[LOG] PlaybackSystem::acquireMasterBus         : Setting master channel group format to 6
[LOG] SystemI::createSoundInternal             : Create name='', mode=0x02000202
[LOG] SystemI::createSoundInternal             : exinfo->cbsize             = 224
[LOG] SystemI::createSoundInternal             : exinfo->length             = 6611680
[LOG] SystemI::createSoundInternal             : exinfo->fileoffset         = 40768
[LOG] SystemI::createSoundInternal             : exinfo->numsubsounds       = 1
[LOG] SystemI::createSoundInternal             : exinfo->inclusionlist      = 0000003B770FF35C
[LOG] SystemI::createSoundInternal             : exinfo->inclusionlistnum   = 1
[LOG] SystemI::createSoundInternal             : exinfo->suggestedsoundtype = 5
[LOG] SystemI::createSoundInternal             : exinfo->useropen           = 00007FFE4AFD80A0
[LOG] SystemI::createSoundInternal             : exinfo->userclose          = 00007FFE4AFD8070
[LOG] SystemI::createSoundInternal             : exinfo->userread           = 00007FFE4AFD8170
[LOG] SystemI::createSoundInternal             : exinfo->userseek           = 00007FFE4AFD8230
[LOG] SystemI::createSoundInternal             : exinfo->fileuserdata       = 0000015D070CF418
[LOG] SystemI::createSoundInternal             : exinfo->initialseekpostype = 1
[LOG] SystemI::DSPCodecPoolRegister            : register codec pool for pool type 5
[LOG] SystemI::createSoundInternal             : Sample 0/1: name='poeira', format=2, channels=2, frequency=48000, lengthbytes=12064, lengthpcm=48000, pcmblocksize=0, loopstart=0, loopend=0, mode=0x00000000, channelmask=0x00000000, channelorder=0, peakvolume=0.351746.
[LOG] SoundI::release                          :  (0000015D3D7B0FD8)
[LOG] SoundI::release                          :     poeira (0000015D7C902DF8)
[LOG] Manager::readBank                        : fileversion = 119, compatVersion = 119 (oldest = 44, newest = 123)
[LOG] PlaybackSystem::acquireMasterBus         : Setting master channel group format to 6
[LOG] SystemI::createSoundInternal             : Create name='', mode=0x02000202
[LOG] SystemI::createSoundInternal             : exinfo->cbsize             = 224
[LOG] SystemI::createSoundInternal             : exinfo->length             = 6611680
[LOG] SystemI::createSoundInternal             : exinfo->fileoffset         = 40768
[LOG] SystemI::createSoundInternal             : exinfo->numsubsounds       = 1
[LOG] SystemI::createSoundInternal             : exinfo->inclusionlist      = 0000003B770FF35C
[LOG] SystemI::createSoundInternal             : exinfo->inclusionlistnum   = 1
[LOG] SystemI::createSoundInternal             : exinfo->suggestedsoundtype = 5
[LOG] SystemI::createSoundInternal             : exinfo->useropen           = 00007FFE4AFD80A0
[LOG] SystemI::createSoundInternal             : exinfo->userclose          = 00007FFE4AFD8070
[LOG] SystemI::createSoundInternal             : exinfo->userread           = 00007FFE4AFD8170
[LOG] SystemI::createSoundInternal             : exinfo->userseek           = 00007FFE4AFD8230
[LOG] SystemI::createSoundInternal             : exinfo->fileuserdata       = 0000015D52684028
[LOG] SystemI::createSoundInternal             : exinfo->initialseekpostype = 1
[LOG] SystemI::DSPCodecPoolRegister            : register codec pool for pool type 5
[LOG] SystemI::createSoundInternal             : Sample 0/1: name='Explosão da estrela', format=2, channels=2, frequency=48000, lengthbytes=32512, lengthpcm=120000, pcmblocksize=0, loopstart=0, loopend=0, mode=0x00000000, channelmask=0x00000000, channelorder=0, peakvolume=0.605682.
[LOG] SoundI::release                          :  (0000015D3D7B0738)
[LOG] SoundI::release                          :     Explosão da estrela (0000015D7C903AF8)
[LOG] Manager::readBank                        : fileversion = 119, compatVersion = 119 (oldest = 44, newest = 123)
[LOG] PlaybackSystem::acquireMasterBus         : Setting master channel group format to 6
[LOG] SystemI::createSoundInternal             : Create name='', mode=0x02000202
[LOG] SystemI::createSoundInternal             : exinfo->cbsize             = 224
[LOG] SystemI::createSoundInternal             : exinfo->length             = 6611680
[LOG] SystemI::createSoundInternal             : exinfo->fileoffset         = 40768
[LOG] SystemI::createSoundInternal             : exinfo->numsubsounds       = 1
[LOG] SystemI::createSoundInternal             : exinfo->inclusionlist      = 0000003B770FF35C
[LOG] SystemI::createSoundInternal             : exinfo->inclusionlistnum   = 1
[LOG] SystemI::createSoundInternal             : exinfo->suggestedsoundtype = 5
[LOG] SystemI::createSoundInternal             : exinfo->useropen           = 00007FFE4AFD80A0
[LOG] SystemI::createSoundInternal             : exinfo->userclose          = 00007FFE4AFD8070
[LOG] SystemI::createSoundInternal             : exinfo->userread           = 00007FFE4AFD8170
[LOG] SystemI::createSoundInternal             : exinfo->userseek           = 00007FFE4AFD8230
[LOG] SystemI::createSoundInternal             : exinfo->fileuserdata       = 0000015D526854C8
[LOG] SystemI::createSoundInternal             : exinfo->initialseekpostype = 1
[LOG] SystemI::DSPCodecPoolRegister            : register codec pool for pool type 5
[LOG] SystemI::createSoundInternal             : Sample 0/1: name='elemento', format=2, channels=2, frequency=48000, lengthbytes=12128, lengthpcm=48000, pcmblocksize=0, loopstart=0, loopend=0, mode=0x00000000, channelmask=0x00000000, channelorder=0, peakvolume=0.326263.
[LOG] SoundI::release                          :  (0000015D3D7B1E38)
[LOG] SoundI::release                          :     elemento (0000015D7C9013F8)
[LOG] Manager::readBank                        : fileversion = 119, compatVersion = 119 (oldest = 44, newest = 123)
[LOG] PlaybackSystem::acquireMasterBus         : Setting master channel group format to 6
[LOG] SystemI::createSoundInternal             : Create name='', mode=0x02000202
[LOG] SystemI::createSoundInternal             : exinfo->cbsize             = 224
[LOG] SystemI::createSoundInternal             : exinfo->length             = 6611680
[LOG] SystemI::createSoundInternal             : exinfo->fileoffset         = 40768
[LOG] SystemI::createSoundInternal             : exinfo->numsubsounds       = 1
[LOG] SystemI::createSoundInternal             : exinfo->inclusionlist      = 0000003B770FF35C
[LOG] SystemI::createSoundInternal             : exinfo->inclusionlistnum   = 1
[LOG] SystemI::createSoundInternal             : exinfo->suggestedsoundtype = 5
[LOG] SystemI::createSoundInternal             : exinfo->useropen           = 00007FFE4AFD80A0
[LOG] SystemI::createSoundInternal             : exinfo->userclose          = 00007FFE4AFD8070
[LOG] SystemI::createSoundInternal             : exinfo->userread           = 00007FFE4AFD8170
[LOG] SystemI::createSoundInternal             : exinfo->userseek           = 00007FFE4AFD8230
[LOG] SystemI::createSoundInternal             : exinfo->fileuserdata       = 0000015D14707728
[LOG] SystemI::createSoundInternal             : exinfo->initialseekpostype = 1
[LOG] SystemI::DSPCodecPoolRegister            : register codec pool for pool type 5
[LOG] SystemI::createSoundInternal             : Sample 0/1: name='cometa', format=2, channels=2, frequency=48000, lengthbytes=21792, lengthpcm=72000, pcmblocksize=0, loopstart=0, loopend=0, mode=0x00000000, channelmask=0x00000000, channelorder=0, peakvolume=0.855469.
[LOG] SoundI::release                          :  (0000015D3D7B0FD8)
[LOG] SoundI::release                          :     cometa (0000015D7C903478)
[LOG] Manager::readBank                        : fileversion = 119, compatVersion = 119 (oldest = 44, newest = 123)
[LOG] PlaybackSystem::acquireMasterBus         : Setting master channel group format to 6
[LOG] SystemI::createSoundInternal             : Create name='', mode=0x02000202
[LOG] SystemI::createSoundInternal             : exinfo->cbsize             = 224
[LOG] SystemI::createSoundInternal             : exinfo->length             = 6611680
[LOG] SystemI::createSoundInternal             : exinfo->fileoffset         = 40768
[LOG] SystemI::createSoundInternal             : exinfo->numsubsounds       = 1
[LOG] SystemI::createSoundInternal             : exinfo->inclusionlist      = 0000003B770FF35C
[LOG] SystemI::createSoundInternal             : exinfo->inclusionlistnum   = 1
[LOG] SystemI::createSoundInternal             : exinfo->suggestedsoundtype = 5
[LOG] SystemI::createSoundInternal             : exinfo->useropen           = 00007FFE4AFD80A0
[LOG] SystemI::createSoundInternal             : exinfo->userclose          = 00007FFE4AFD8070
[LOG] SystemI::createSoundInternal             : exinfo->userread           = 00007FFE4AFD8170
[LOG] SystemI::createSoundInternal             : exinfo->userseek           = 00007FFE4AFD8230
[LOG] SystemI::createSoundInternal             : exinfo->fileuserdata       = 0000015D52686758
[LOG] SystemI::createSoundInternal             : exinfo->initialseekpostype = 1
[LOG] SystemI::DSPCodecPoolRegister            : register codec pool for pool type 5
[LOG] SystemI::createSoundInternal             : Sample 0/1: name='Pedra', format=2, channels=2, frequency=48000, lengthbytes=17888, lengthpcm=187462, pcmblocksize=0, loopstart=0, loopend=0, mode=0x00000000, channelmask=0x00000000, channelorder=0, peakvolume=0.965210.
[LOG] SoundI::release                          :  (0000015D3D7B1E38)
[LOG] SoundI::release                          :     Pedra (0000015D7C9013F8)
[LOG] Manager::readBank                        : fileversion = 119, compatVersion = 119 (oldest = 44, newest = 123)
[LOG] PlaybackSystem::acquireMasterBus         : Setting master channel group format to 6
[LOG] SystemI::createSoundInternal             : Create name='', mode=0x02000202
[LOG] SystemI::createSoundInternal             : exinfo->cbsize             = 224
[LOG] SystemI::createSoundInternal             : exinfo->length             = 6611680
[LOG] SystemI::createSoundInternal             : exinfo->fileoffset         = 40768
[LOG] SystemI::createSoundInternal             : exinfo->numsubsounds       = 1
[LOG] SystemI::createSoundInternal             : exinfo->inclusionlist      = 0000003B770FF35C
[LOG] SystemI::createSoundInternal             : exinfo->inclusionlistnum   = 1
[LOG] SystemI::createSoundInternal             : exinfo->suggestedsoundtype = 5
[LOG] SystemI::createSoundInternal             : exinfo->useropen           = 00007FFE4AFD80A0
[LOG] SystemI::createSoundInternal             : exinfo->userclose          = 00007FFE4AFD8070
[LOG] SystemI::createSoundInternal             : exinfo->userread           = 00007FFE4AFD8170
[LOG] SystemI::createSoundInternal             : exinfo->userseek           = 00007FFE4AFD8230
[LOG] SystemI::createSoundInternal             : exinfo->fileuserdata       = 0000015D14705418
[LOG] SystemI::createSoundInternal             : exinfo->initialseekpostype = 1
[LOG] SystemI::DSPCodecPoolRegister            : register codec pool for pool type 5
[LOG] SystemI::createSoundInternal             : Sample 0/1: name='impacto laser', format=2, channels=2, frequency=48000, lengthbytes=26656, lengthpcm=96000, pcmblocksize=0, loopstart=0, loopend=0, mode=0x00000000, channelmask=0x00000000, channelorder=0, peakvolume=0.352325.
[LOG] SoundI::release                          :  (0000015D3D7B0FD8)
[LOG] SoundI::release                          :     impacto laser (0000015D7C9013F8)
[LOG] Manager::readBank                        : fileversion = 119, compatVersion = 119 (oldest = 44, newest = 123)
[LOG] PlaybackSystem::acquireMasterBus         : Setting master channel group format to 6
[LOG] SystemI::createSoundInternal             : Create name='', mode=0x02000202
[LOG] SystemI::createSoundInternal             : exinfo->cbsize             = 224
[LOG] SystemI::createSoundInternal             : exinfo->length             = 6611680
[LOG] SystemI::createSoundInternal             : exinfo->fileoffset         = 40768
[LOG] SystemI::createSoundInternal             : exinfo->numsubsounds       = 1
[LOG] SystemI::createSoundInternal             : exinfo->inclusionlist      = 0000003B770FF35C
[LOG] SystemI::createSoundInternal             : exinfo->inclusionlistnum   = 1
[LOG] SystemI::createSoundInternal             : exinfo->suggestedsoundtype = 5
[LOG] SystemI::createSoundInternal             : exinfo->useropen           = 00007FFE4AFD80A0
[LOG] SystemI::createSoundInternal             : exinfo->userclose          = 00007FFE4AFD8070
[LOG] SystemI::createSoundInternal             : exinfo->userread           = 00007FFE4AFD8170
[LOG] SystemI::createSoundInternal             : exinfo->userseek           = 00007FFE4AFD8230
[LOG] SystemI::createSoundInternal             : exinfo->fileuserdata       = 0000015D52686758
[LOG] SystemI::createSoundInternal             : exinfo->initialseekpostype = 1
[LOG] SystemI::DSPCodecPoolRegister            : register codec pool for pool type 5
[LOG] SystemI::createSoundInternal             : Sample 0/1: name='splash', format=2, channels=1, frequency=48000, lengthbytes=12480, lengthpcm=69102, pcmblocksize=0, loopstart=0, loopend=0, mode=0x00000000, channelmask=0x00000000, channelorder=0, peakvolume=0.386566.
[LOG] SoundI::release                          :  (0000015D3D7B0FD8)
[LOG] SoundI::release                          :     splash (0000015D7C9013F8)
